<?xml version="1.0" encoding="UTF-8"?>
<testng-results skipped="0" failed="0" ignored="0" total="1" passed="1">
  <reporter-output>
  </reporter-output>
  <suite name="Default suite" duration-ms="95833" started-at="2018-05-24T11:16:27Z" finished-at="2018-05-24T11:18:03Z">
    <groups>
    </groups>
    <test name="Default test" duration-ms="95833" started-at="2018-05-24T11:16:27Z" finished-at="2018-05-24T11:18:03Z">
      <class name="Secnarios">
        <test-method status="PASS" signature="dependencies()[pri:0, instance:Secnarios@1e397ed7]" name="dependencies" is-config="true" duration-ms="33260" started-at="2018-05-24T11:16:27Z" finished-at="2018-05-24T11:17:01Z">
          <reporter-output>
          </reporter-output>
        </test-method> <!-- dependencies -->
        <test-method status="PASS" signature="record()[pri:0, instance:Secnarios@1e397ed7]" name="record" duration-ms="62554" started-at="2018-05-24T11:17:01Z" finished-at="2018-05-24T11:18:03Z">
          <reporter-output>
          </reporter-output>
        </test-method> <!-- record -->
        <test-method status="PASS" signature="report()[pri:0, instance:Secnarios@1e397ed7]" name="report" is-config="true" duration-ms="7281" started-at="2018-05-24T11:18:03Z" finished-at="2018-05-24T11:18:10Z">
          <reporter-output>
          </reporter-output>
        </test-method> <!-- report -->
      </class> <!-- Secnarios -->
    </test> <!-- Default test -->
  </suite> <!-- Default suite -->
</testng-results>
